2026-01-13 19:34:14,414 - aqt.main - INFO - installer 25084 aqtinstall(aqt) v3.3.0 on Python 3.11.9 [CPython MSC v.1938 64 bit (AMD64)]
2026-01-13 19:34:14,414 - aqt.helper - DEBUG - helper 25084 Attempt to download checksum at https://download.qt.io/online/qtsdkrepository/windows_x86/desktop/qt6_642/Updates.xml.sha256
2026-01-13 19:34:15,876 - aqt.helper - DEBUG - helper 25484 Attempt to download checksum at https://download.qt.io/online/qtsdkrepository/windows_x86/desktop/qt6_642/qt.qt6.642.win64_msvc2019_64/6.4.2-0-202212131055qtdeclarative-Windows-Windows_10_21H2-MSVC2019-Windows-Windows_10_21H2-X86_64.7z.s2026-01-13 19:34:15,877 - aqt.helper - DEBUG - helper 26636 Attempt to download checksum at https://download.qt.io/online/qtsdkrepository/windows_x86/desktop/qt6_642/qt.qt6.642.win64_msvc2019_64/6.4.2-0-202212131055qtsvg-Windows-Windows_10_21H2-MSVC2019-Windows-Windows_10_21H2-X86_64.7z.sha256
2026-01-13 19:34:15,877 - aqt.helper - DEBUG - helper 30412 Attempt to download checksum at https://download.qt.io/online/qtsdkrepository/windows_x86/desktop/qt6_642/qt.qt6.642.win64_msvc2019_64/6.4.2-0-202212131055qttools-Windows-Windows_10_21H2-MSVC2019-Windows-Windows_10_21H2-X86_64.7z.sha256
2026-01-13 19:34:16,453 - aqt.helper - INFO - helper 30412 Downloading qttools...
2026-01-13 19:34:16,453 - aqt.installer - DEBUG - installer 30412 Download URL: https://download.qt.io/online/qtsdkrepository/windows_x86/desktop/qt6_642/qt.qt6.642.win64_msvc2019_64/6.4.2-0-202212131055qttools-Windows-Windows_10_21H2-MSVC2019-Windows-Windows_10_21H2-X86_64.7z
2026-01-13 19:34:16,477 - aqt.helper - INFO - helper 25484 Downloading qtdeclarative...
2026-01-13 19:34:16,477 - aqt.installer - DEBUG - installer 25484 Download URL: https://download.qt.io/online/qtsdkrepository/windows_x86/desktop/qt6_642/qt.qt6.642.win64_msvc2019_64/6.4.2-0-202212131055qtdeclarative-Windows-Windows_10_21H2-MSVC2019-Windows-Windows_10_21H2-X86_64.7z
2026-01-13 19:34:16,489 - aqt.helper - INFO - helper 30080 Downloading qtbase...
2026-01-13 19:34:16,489 - aqt.installer - DEBUG - installer 30080 Download URL: https://download.qt.io/online/qtsdkrepository/windows_x86/desktop/qt6_642/qt.qt6.642.win64_msvc2019_64/6.4.2-0-202212131055qtbase-Windows-Windows_10_21H2-MSVC2019-Windows-Windows_10_21H2-X86_64.7z
2026-01-13 19:34:16,496 - aqt.helper - INFO - helper 26636 Downloading qtsvg...
2026-01-13 19:34:16,496 - aqt.installer - DEBUG - installer 26636 Download URL: https://download.qt.io/online/qtsdkrepository/windows_x86/desktop/qt6_642/qt.qt6.642.win64_msvc2019_64/6.4.2-0-202212131055qtsvg-Windows-Windows_10_21H2-MSVC2019-Windows-Windows_10_21H2-X86_64.7z
2026-01-13 19:34:17,015 - aqt.helper - DEBUG - helper 30412 Asked to redirect(302) to: https://qtproject.mirror.liquidtelecom.com/online/qtsdkrepository/windows_x86/desktop/qt6_642/qt.qt6.642.win64_msvc2019_64/6.4.2-0-202212131055qttools-Windows-Windows_10_21H2-MSVC2019-Windows-Windows_10_21H2-X86_64.7z
2026-01-13 19:34:17,015 - aqt.helper - INFO - helper 30412 Redirected: qtproject.mirror.liquidtelecom.com
2026-01-13 19:34:17,055 - aqt.helper - DEBUG - helper 25484 Asked to redirect(302) to: https://qtproject.mirror.liquidtelecom.com/online/qtsdkrepository/windows_x86/desktop/qt6_642/qt.qt6.642.win64_msvc2019_64/6.4.2-0-202212131055qtdeclarative-Windows-Windows_10_21H2-MSVC2019-Windows-Windows_10_21H2-X86_64.7z
2026-01-13 19:34:17,055 - aqt.helper - INFO - helper 25484 Redirected: qtproject.mirror.liquidtelecom.com
2026-01-13 19:34:17,064 - aqt.helper - DEBUG - helper 30080 Asked to redirect(302) to: https://qtproject.mirror.liquidtelecom.com/online/qtsdkrepository/windows_x86/desktop/qt6_642/qt.qt6.642.win64_msvc2019_64/6.4.2-0-202212131055qtbase-Windows-Windows_10_21H2-MSVC2019-Windows-Windows_10_21H2-X86_64.7z
2026-01-13 19:34:17,064 - aqt.helper - INFO - helper 30080 Redirected: qtproject.mirror.liquidtelecom.com
2026-01-13 19:34:17,075 - aqt.helper - DEBUG - helper 26636 Asked to redirect(302) to: https://qtproject.mirror.liquidtelecom.com/online/qtsdkrepository/windows_x86/desktop/qt6_642/qt.qt6.642.win64_msvc2019_64/6.4.2-0-202212131055qtsvg-Windows-Windows_10_21H2-MSVC2019-Windows-Windows_10_21H2-X86_64.7z
2026-01-13 19:34:17,076 - aqt.helper - INFO - helper 26636 Redirected: qtproject.mirror.liquidtelecom.com
2026-01-13 19:34:19,532 - aqt.installer - INFO - installer 26636 Finished installation of qtsvg-Windows-Windows_10_21H2-MSVC2019-Windows-Windows_10_21H2-X86_64.7z in 3.65649080
2026-01-13 19:34:19,540 - aqt.helper - DEBUG - helper 26636 Attempt to download checksum at https://download.qt.io/online/qtsdkrepository/windows_x86/desktop/qt6_642/qt.qt6.642.win64_msvc2019_64/6.4.2-0-202212131055qttranslations-Windows-Windows_10_21H2-MSVC2019-Windows-Windows_10_21H2-X86_64.7z.sha256
2026-01-13 19:34:20,110 - aqt.helper - INFO - helper 26636 Downloading qttranslations...
2026-01-13 19:34:20,110 - aqt.installer - DEBUG - installer 26636 Download URL: https://download.qt.io/online/qtsdkrepository/windows_x86/desktop/qt6_642/qt.qt6.642.win64_msvc2019_64/6.4.2-0-202212131055qttranslations-Windows-Windows_10_21H2-MSVC2019-Windows-Windows_10_21H2-X86_64.7z
2026-01-13 19:34:22,075 - aqt.helper - DEBUG - helper 26636 Asked to redirect(302) to: https://qtproject.mirror.liquidtelecom.com/online/qtsdkrepository/windows_x86/desktop/qt6_642/qt.qt6.642.win64_msvc2019_64/6.4.2-0-202212131055qttranslations-Windows-Windows_10_21H2-MSVC2019-Windows-Windows_10_21H2-X86_64.7z
2026-01-13 19:34:22,075 - aqt.helper - INFO - helper 26636 Redirected: qtproject.mirror.liquidtelecom.com
2026-01-13 19:34:27,588 - aqt.installer - INFO - installer 26636 Finished installation of qttranslations-Windows-Windows_10_21H2-MSVC2019-Windows-Windows_10_21H2-X86_64.7z in 8.04890710
2026-01-13 19:34:27,597 - aqt.helper - DEBUG - helper 26636 Attempt to download checksum at https://download.qt.io/online/qtsdkrepository/windows_x86/desktop/qt6_642/qt.qt6.642.win64_msvc2019_64/6.4.2-0-202212131055d3dcompiler_47-x64.7z.sha256
2026-01-13 19:34:28,111 - aqt.helper - INFO - helper 26636 Downloading d3dcompiler_47...
2026-01-13 19:34:28,112 - aqt.installer - DEBUG - installer 26636 Download URL: https://download.qt.io/online/qtsdkrepository/windows_x86/desktop/qt6_642/qt.qt6.642.win64_msvc2019_64/6.4.2-0-202212131055d3dcompiler_47-x64.7z
2026-01-13 19:34:28,633 - aqt.helper - DEBUG - helper 26636 Asked to redirect(302) to: https://qtproject.mirror.liquidtelecom.com/online/qtsdkrepository/windows_x86/desktop/qt6_642/qt.qt6.642.win64_msvc2019_64/6.4.2-0-202212131055d3dcompiler_47-x64.7z
2026-01-13 19:34:28,633 - aqt.helper - INFO - helper 26636 Redirected: qtproject.mirror.liquidtelecom.com
2026-01-13 19:34:31,058 - aqt.installer - INFO - installer 30412 Finished installation of qttools-Windows-Windows_10_21H2-MSVC2019-Windows-Windows_10_21H2-X86_64.7z in 15.18286420
2026-01-13 19:34:31,070 - aqt.helper - DEBUG - helper 30412 Attempt to download checksum at https://download.qt.io/online/qtsdkrepository/windows_x86/desktop/qt6_642/qt.qt6.642.win64_msvc2019_64/6.4.2-0-202212131055opengl32sw-64-mesa_11_2_2-signed.7z.sha256
2026-01-13 19:34:31,333 - aqt.installer - INFO - installer 26636 Finished installation of d3dcompiler_47-x64.7z in 3.73703880
2026-01-13 19:34:31,613 - aqt.helper - INFO - helper 30412 Downloading opengl32sw...
2026-01-13 19:34:31,613 - aqt.installer - DEBUG - installer 30412 Download URL: https://download.qt.io/online/qtsdkrepository/windows_x86/desktop/qt6_642/qt.qt6.642.win64_msvc2019_64/6.4.2-0-202212131055opengl32sw-64-mesa_11_2_2-signed.7z
2026-01-13 19:34:32,153 - aqt.helper - DEBUG - helper 30412 Asked to redirect(302) to: https://qtproject.mirror.liquidtelecom.com/online/qtsdkrepository/windows_x86/desktop/qt6_642/qt.qt6.642.win64_msvc2019_64/6.4.2-0-202212131055opengl32sw-64-mesa_11_2_2-signed.7z
2026-01-13 19:34:32,153 - aqt.helper - INFO - helper 30412 Redirected: qtproject.mirror.liquidtelecom.com
2026-01-13 19:34:35,748 - aqt.installer - INFO - installer 30412 Finished installation of opengl32sw-64-mesa_11_2_2-signed.7z in 4.67895480
2026-01-13 19:34:36,186 - aqt.installer - INFO - installer 30080 Finished installation of qtbase-Windows-Windows_10_21H2-MSVC2019-Windows-Windows_10_21H2-X86_64.7z in 20.31092890
2026-01-13 19:34:42,816 - aqt.installer - INFO - installer 25484 Finished installation of qtdeclarative-Windows-Windows_10_21H2-MSVC2019-Windows-Windows_10_21H2-X86_64.7z in 26.94083880
2026-01-13 19:34:42,921 - aqt.updater - INFO - updater 25084 Patching C:\Qt\6.4.2\msvc2019_64\bin\qmake.exe
2026-01-13 19:34:43,135 - aqt.updater - INFO - updater 25084 Patching C:\Qt\6.4.2\msvc2019_64\lib\Qt6Concurrent.prl
2026-01-13 19:34:43,135 - aqt.updater - INFO - updater 25084 Patching C:\Qt\6.4.2\msvc2019_64\lib\Qt6Concurrentd.prl
2026-01-13 19:34:43,136 - aqt.updater - INFO - updater 25084 Patching C:\Qt\6.4.2\msvc2019_64\lib\Qt6Core.prl
2026-01-13 19:34:43,136 - aqt.updater - INFO - updater 25084 Patching C:\Qt\6.4.2\msvc2019_64\lib\Qt6Cored.prl
2026-01-13 19:34:43,137 - aqt.updater - INFO - updater 25084 Patching C:\Qt\6.4.2\msvc2019_64\lib\Qt6DBus.prl
2026-01-13 19:34:43,137 - aqt.updater - INFO - updater 25084 Patching C:\Qt\6.4.2\msvc2019_64\lib\Qt6DBusd.prl
2026-01-13 19:34:43,138 - aqt.updater - INFO - updater 25084 Patching C:\Qt\6.4.2\msvc2019_64\lib\Qt6Designer.prl
2026-01-13 19:34:43,138 - aqt.updater - INFO - updater 25084 Patching C:\Qt\6.4.2\msvc2019_64\lib\Qt6DesignerComponents.prl
2026-01-13 19:34:43,139 - aqt.updater - INFO - updater 25084 Patching C:\Qt\6.4.2\msvc2019_64\lib\Qt6DesignerComponentsd.prl
2026-01-13 19:34:43,140 - aqt.updater - INFO - updater 25084 Patching C:\Qt\6.4.2\msvc2019_64\lib\Qt6Designerd.prl
2026-01-13 19:34:43,141 - aqt.updater - INFO - updater 25084 Patching C:\Qt\6.4.2\msvc2019_64\lib\Qt6DeviceDiscoverySupport.prl
2026-01-13 19:34:43,141 - aqt.updater - INFO - updater 25084 Patching C:\Qt\6.4.2\msvc2019_64\lib\Qt6DeviceDiscoverySupportd.prl
2026-01-13 19:34:43,141 - aqt.updater - INFO - updater 25084 Patching C:\Qt\6.4.2\msvc2019_64\lib\Qt6EntryPoint.prl
2026-01-13 19:34:43,142 - aqt.updater - INFO - updater 25084 Patching C:\Qt\6.4.2\msvc2019_64\lib\Qt6EntryPointd.prl
2026-01-13 19:34:43,142 - aqt.updater - INFO - updater 25084 Patching C:\Qt\6.4.2\msvc2019_64\lib\Qt6FbSupport.prl
2026-01-13 19:34:43,143 - aqt.updater - INFO - updater 25084 Patching C:\Qt\6.4.2\msvc2019_64\lib\Qt6FbSupportd.prl
2026-01-13 19:34:43,143 - aqt.updater - INFO - updater 25084 Patching C:\Qt\6.4.2\msvc2019_64\lib\Qt6Gui.prl
2026-01-13 19:34:43,144 - aqt.updater - INFO - updater 25084 Patching C:\Qt\6.4.2\msvc2019_64\lib\Qt6Guid.prl
2026-01-13 19:34:43,144 - aqt.updater - INFO - updater 25084 Patching C:\Qt\6.4.2\msvc2019_64\lib\Qt6Help.prl
2026-01-13 19:34:43,145 - aqt.updater - INFO - updater 25084 Patching C:\Qt\6.4.2\msvc2019_64\lib\Qt6Helpd.prl
2026-01-13 19:34:43,145 - aqt.updater - INFO - updater 25084 Patching C:\Qt\6.4.2\msvc2019_64\lib\Qt6LabsAnimation.prl
2026-01-13 19:34:43,147 - aqt.updater - INFO - updater 25084 Patching C:\Qt\6.4.2\msvc2019_64\lib\Qt6LabsAnimationd.prl
2026-01-13 19:34:43,149 - aqt.updater - INFO - updater 25084 Patching C:\Qt\6.4.2\msvc2019_64\lib\Qt6LabsFolderListModel.prl
2026-01-13 19:34:43,151 - aqt.updater - INFO - updater 25084 Patching C:\Qt\6.4.2\msvc2019_64\lib\Qt6LabsFolderListModeld.prl
2026-01-13 19:34:43,152 - aqt.updater - INFO - updater 25084 Patching C:\Qt\6.4.2\msvc2019_64\lib\Qt6LabsQmlModels.prl
2026-01-13 19:34:43,153 - aqt.updater - INFO - updater 25084 Patching C:\Qt\6.4.2\msvc2019_64\lib\Qt6LabsQmlModelsd.prl
2026-01-13 19:34:43,154 - aqt.updater - INFO - updater 25084 Patching C:\Qt\6.4.2\msvc2019_64\lib\Qt6LabsSettings.prl
2026-01-13 19:34:43,156 - aqt.updater - INFO - updater 25084 Patching C:\Qt\6.4.2\msvc2019_64\lib\Qt6LabsSettingsd.prl
2026-01-13 19:34:43,157 - aqt.updater - INFO - updater 25084 Patching C:\Qt\6.4.2\msvc2019_64\lib\Qt6LabsSharedImage.prl
2026-01-13 19:34:43,158 - aqt.updater - INFO - updater 25084 Patching C:\Qt\6.4.2\msvc2019_64\lib\Qt6LabsSharedImaged.prl
2026-01-13 19:34:43,160 - aqt.updater - INFO - updater 25084 Patching C:\Qt\6.4.2\msvc2019_64\lib\Qt6LabsWavefrontMesh.prl
2026-01-13 19:34:43,161 - aqt.updater - INFO - updater 25084 Patching C:\Qt\6.4.2\msvc2019_64\lib\Qt6LabsWavefrontMeshd.prl
2026-01-13 19:34:43,162 - aqt.updater - INFO - updater 25084 Patching C:\Qt\6.4.2\msvc2019_64\lib\Qt6Network.prl
2026-01-13 19:34:43,162 - aqt.updater - INFO - updater 25084 Patching C:\Qt\6.4.2\msvc2019_64\lib\Qt6Networkd.prl
2026-01-13 19:34:43,163 - aqt.updater - INFO - updater 25084 Patching C:\Qt\6.4.2\msvc2019_64\lib\Qt6OpenGL.prl
2026-01-13 19:34:43,164 - aqt.updater - INFO - updater 25084 Patching C:\Qt\6.4.2\msvc2019_64\lib\Qt6OpenGLd.prl
2026-01-13 19:34:43,164 - aqt.updater - INFO - updater 25084 Patching C:\Qt\6.4.2\msvc2019_64\lib\Qt6OpenGLWidgets.prl
2026-01-13 19:34:43,165 - aqt.updater - INFO - updater 25084 Patching C:\Qt\6.4.2\msvc2019_64\lib\Qt6OpenGLWidgetsd.prl
2026-01-13 19:34:43,165 - aqt.updater - INFO - updater 25084 Patching C:\Qt\6.4.2\msvc2019_64\lib\Qt6PacketProtocol.prl
2026-01-13 19:34:43,167 - aqt.updater - INFO - updater 25084 Patching C:\Qt\6.4.2\msvc2019_64\lib\Qt6PacketProtocold.prl
2026-01-13 19:34:43,168 - aqt.updater - INFO - updater 25084 Patching C:\Qt\6.4.2\msvc2019_64\lib\Qt6PrintSupport.prl
2026-01-13 19:34:43,169 - aqt.updater - INFO - updater 25084 Patching C:\Qt\6.4.2\msvc2019_64\lib\Qt6PrintSupportd.prl
2026-01-13 19:34:43,170 - aqt.updater - INFO - updater 25084 Patching C:\Qt\6.4.2\msvc2019_64\lib\Qt6Qml.prl
2026-01-13 19:34:43,171 - aqt.updater - INFO - updater 25084 Patching C:\Qt\6.4.2\msvc2019_64\lib\Qt6QmlCompiler.prl
2026-01-13 19:34:43,172 - aqt.updater - INFO - updater 25084 Patching C:\Qt\6.4.2\msvc2019_64\lib\Qt6QmlCompilerd.prl
2026-01-13 19:34:43,174 - aqt.updater - INFO - updater 25084 Patching C:\Qt\6.4.2\msvc2019_64\lib\Qt6QmlCore.prl
2026-01-13 19:34:43,175 - aqt.updater - INFO - updater 25084 Patching C:\Qt\6.4.2\msvc2019_64\lib\Qt6QmlCored.prl
2026-01-13 19:34:43,177 - aqt.updater - INFO - updater 25084 Patching C:\Qt\6.4.2\msvc2019_64\lib\Qt6Qmld.prl
2026-01-13 19:34:43,178 - aqt.updater - INFO - updater 25084 Patching C:\Qt\6.4.2\msvc2019_64\lib\Qt6QmlDebug.prl
2026-01-13 19:34:43,180 - aqt.updater - INFO - updater 25084 Patching C:\Qt\6.4.2\msvc2019_64\lib\Qt6QmlDebugd.prl
2026-01-13 19:34:43,181 - aqt.updater - INFO - updater 25084 Patching C:\Qt\6.4.2\msvc2019_64\lib\Qt6QmlDom.prl
2026-01-13 19:34:43,183 - aqt.updater - INFO - updater 25084 Patching C:\Qt\6.4.2\msvc2019_64\lib\Qt6QmlDomd.prl
2026-01-13 19:34:43,184 - aqt.updater - INFO - updater 25084 Patching C:\Qt\6.4.2\msvc2019_64\lib\Qt6QmlLocalStorage.prl
2026-01-13 19:34:43,186 - aqt.updater - INFO - updater 25084 Patching C:\Qt\6.4.2\msvc2019_64\lib\Qt6QmlLocalStoraged.prl
2026-01-13 19:34:43,187 - aqt.updater - INFO - updater 25084 Patching C:\Qt\6.4.2\msvc2019_64\lib\Qt6QmlModels.prl
2026-01-13 19:34:43,188 - aqt.updater - INFO - updater 25084 Patching C:\Qt\6.4.2\msvc2019_64\lib\Qt6QmlModelsd.prl
2026-01-13 19:34:43,190 - aqt.updater - INFO - updater 25084 Patching C:\Qt\6.4.2\msvc2019_64\lib\Qt6QmlWorkerScript.prl
2026-01-13 19:34:43,191 - aqt.updater - INFO - updater 25084 Patching C:\Qt\6.4.2\msvc2019_64\lib\Qt6QmlWorkerScriptd.prl
2026-01-13 19:34:43,192 - aqt.updater - INFO - updater 25084 Patching C:\Qt\6.4.2\msvc2019_64\lib\Qt6QmlXmlListModel.prl
2026-01-13 19:34:43,193 - aqt.updater - INFO - updater 25084 Patching C:\Qt\6.4.2\msvc2019_64\lib\Qt6QmlXmlListModeld.prl
2026-01-13 19:34:43,195 - aqt.updater - INFO - updater 25084 Patching C:\Qt\6.4.2\msvc2019_64\lib\Qt6Quick.prl
2026-01-13 19:34:43,196 - aqt.updater - INFO - updater 25084 Patching C:\Qt\6.4.2\msvc2019_64\lib\Qt6QuickControls2.prl
2026-01-13 19:34:43,198 - aqt.updater - INFO - updater 25084 Patching C:\Qt\6.4.2\msvc2019_64\lib\Qt6QuickControls2d.prl
2026-01-13 19:34:43,199 - aqt.updater - INFO - updater 25084 Patching C:\Qt\6.4.2\msvc2019_64\lib\Qt6QuickControls2Impl.prl
2026-01-13 19:34:43,201 - aqt.updater - INFO - updater 25084 Patching C:\Qt\6.4.2\msvc2019_64\lib\Qt6QuickControls2Impld.prl
2026-01-13 19:34:43,201 - aqt.updater - INFO - updater 25084 Patching C:\Qt\6.4.2\msvc2019_64\lib\Qt6QuickControlsTestUtils.prl
2026-01-13 19:34:43,203 - aqt.updater - INFO - updater 25084 Patching C:\Qt\6.4.2\msvc2019_64\lib\Qt6QuickControlsTestUtilsd.prl
2026-01-13 19:34:43,204 - aqt.updater - INFO - updater 25084 Patching C:\Qt\6.4.2\msvc2019_64\lib\Qt6Quickd.prl
2026-01-13 19:34:43,206 - aqt.updater - INFO - updater 25084 Patching C:\Qt\6.4.2\msvc2019_64\lib\Qt6QuickDialogs2.prl
2026-01-13 19:34:43,207 - aqt.updater - INFO - updater 25084 Patching C:\Qt\6.4.2\msvc2019_64\lib\Qt6QuickDialogs2d.prl
2026-01-13 19:34:43,209 - aqt.updater - INFO - updater 25084 Patching C:\Qt\6.4.2\msvc2019_64\lib\Qt6QuickDialogs2QuickImpl.prl
2026-01-13 19:34:43,210 - aqt.updater - INFO - updater 25084 Patching C:\Qt\6.4.2\msvc2019_64\lib\Qt6QuickDialogs2QuickImpld.prl
2026-01-13 19:34:43,211 - aqt.updater - INFO - updater 25084 Patching C:\Qt\6.4.2\msvc2019_64\lib\Qt6QuickDialogs2Utils.prl
2026-01-13 19:34:43,212 - aqt.updater - INFO - updater 25084 Patching C:\Qt\6.4.2\msvc2019_64\lib\Qt6QuickDialogs2Utilsd.prl
2026-01-13 19:34:43,213 - aqt.updater - INFO - updater 25084 Patching C:\Qt\6.4.2\msvc2019_64\lib\Qt6QuickLayouts.prl
2026-01-13 19:34:43,214 - aqt.updater - INFO - updater 25084 Patching C:\Qt\6.4.2\msvc2019_64\lib\Qt6QuickLayoutsd.prl
2026-01-13 19:34:43,215 - aqt.updater - INFO - updater 25084 Patching C:\Qt\6.4.2\msvc2019_64\lib\Qt6QuickParticles.prl
2026-01-13 19:34:43,217 - aqt.updater - INFO - updater 25084 Patching C:\Qt\6.4.2\msvc2019_64\lib\Qt6QuickParticlesd.prl
2026-01-13 19:34:43,217 - aqt.updater - INFO - updater 25084 Patching C:\Qt\6.4.2\msvc2019_64\lib\Qt6QuickShapes.prl
2026-01-13 19:34:43,220 - aqt.updater - INFO - updater 25084 Patching C:\Qt\6.4.2\msvc2019_64\lib\Qt6QuickShapesd.prl
2026-01-13 19:34:43,221 - aqt.updater - INFO - updater 25084 Patching C:\Qt\6.4.2\msvc2019_64\lib\Qt6QuickTemplates2.prl
2026-01-13 19:34:43,222 - aqt.updater - INFO - updater 25084 Patching C:\Qt\6.4.2\msvc2019_64\lib\Qt6QuickTemplates2d.prl
2026-01-13 19:34:43,223 - aqt.updater - INFO - updater 25084 Patching C:\Qt\6.4.2\msvc2019_64\lib\Qt6QuickTest.prl
2026-01-13 19:34:43,224 - aqt.updater - INFO - updater 25084 Patching C:\Qt\6.4.2\msvc2019_64\lib\Qt6QuickTestd.prl
2026-01-13 19:34:43,226 - aqt.updater - INFO - updater 25084 Patching C:\Qt\6.4.2\msvc2019_64\lib\Qt6QuickTestUtils.prl
2026-01-13 19:34:43,227 - aqt.updater - INFO - updater 25084 Patching C:\Qt\6.4.2\msvc2019_64\lib\Qt6QuickTestUtilsd.prl
2026-01-13 19:34:43,229 - aqt.updater - INFO - updater 25084 Patching C:\Qt\6.4.2\msvc2019_64\lib\Qt6QuickWidgets.prl
2026-01-13 19:34:43,230 - aqt.updater - INFO - updater 25084 Patching C:\Qt\6.4.2\msvc2019_64\lib\Qt6QuickWidgetsd.prl
2026-01-13 19:34:43,231 - aqt.updater - INFO - updater 25084 Patching C:\Qt\6.4.2\msvc2019_64\lib\Qt6Sql.prl
2026-01-13 19:34:43,231 - aqt.updater - INFO - updater 25084 Patching C:\Qt\6.4.2\msvc2019_64\lib\Qt6Sqld.prl
2026-01-13 19:34:43,232 - aqt.updater - INFO - updater 25084 Patching C:\Qt\6.4.2\msvc2019_64\lib\Qt6Svg.prl
2026-01-13 19:34:43,232 - aqt.updater - INFO - updater 25084 Patching C:\Qt\6.4.2\msvc2019_64\lib\Qt6Svgd.prl
2026-01-13 19:34:43,233 - aqt.updater - INFO - updater 25084 Patching C:\Qt\6.4.2\msvc2019_64\lib\Qt6SvgWidgets.prl
2026-01-13 19:34:43,233 - aqt.updater - INFO - updater 25084 Patching C:\Qt\6.4.2\msvc2019_64\lib\Qt6SvgWidgetsd.prl
2026-01-13 19:34:43,234 - aqt.updater - INFO - updater 25084 Patching C:\Qt\6.4.2\msvc2019_64\lib\Qt6Test.prl
2026-01-13 19:34:43,234 - aqt.updater - INFO - updater 25084 Patching C:\Qt\6.4.2\msvc2019_64\lib\Qt6Testd.prl
2026-01-13 19:34:43,235 - aqt.updater - INFO - updater 25084 Patching C:\Qt\6.4.2\msvc2019_64\lib\Qt6UiTools.prl
2026-01-13 19:34:43,235 - aqt.updater - INFO - updater 25084 Patching C:\Qt\6.4.2\msvc2019_64\lib\Qt6UiToolsd.prl
2026-01-13 19:34:43,236 - aqt.updater - INFO - updater 25084 Patching C:\Qt\6.4.2\msvc2019_64\lib\Qt6Widgets.prl
2026-01-13 19:34:43,236 - aqt.updater - INFO - updater 25084 Patching C:\Qt\6.4.2\msvc2019_64\lib\Qt6Widgetsd.prl
2026-01-13 19:34:43,237 - aqt.updater - INFO - updater 25084 Patching C:\Qt\6.4.2\msvc2019_64\lib\Qt6Xml.prl
2026-01-13 19:34:43,237 - aqt.updater - INFO - updater 25084 Patching C:\Qt\6.4.2\msvc2019_64\lib\Qt6Xmld.prl
2026-01-13 19:34:43,239 - aqt.main - INFO - installer 25084 Finished installation
2026-01-13 19:34:43,239 - aqt.main - INFO - installer 25084 Time elapsed: 28.82452440 second
